TN:
SF:src\utils\password.ts
FN:1,(anonymous_0)
FNF:1
FNH:1
FNDA:13,(anonymous_0)
DA:1,1
DA:2,13
DA:3,12
DA:4,11
DA:6,10
DA:7,10
DA:8,10
DA:9,10
DA:11,10
DA:13,2
DA:14,1
DA:15,8
DA:17,5
DA:18,2
DA:21,3
DA:24,3
LF:16
LH:16
BRDA:2,0,0,1
BRDA:2,0,1,12
BRDA:3,1,0,1
BRDA:3,1,1,11
BRDA:4,2,0,1
BRDA:4,2,1,10
BRDA:11,3,0,2
BRDA:11,3,1,8
BRDA:13,4,0,1
BRDA:13,4,1,1
BRDA:15,5,0,5
BRDA:15,5,1,3
BRDA:15,6,0,8
BRDA:15,6,1,8
BRDA:17,7,0,3
BRDA:17,7,1,2
BRDA:17,8,0,5
BRDA:17,8,1,4
BRDA:17,8,2,3
BRDA:18,9,0,1
BRDA:18,9,1,1
BRDA:21,10,0,1
BRDA:21,10,1,2
BRDA:21,11,0,3
BRDA:21,11,1,2
BRF:25
BRH:25
end_of_record
TN:
SF:src\utils\shipping.ts
FN:44,calculateShipping
FNF:1
FNH:1
FNDA:8,calculateShipping
DA:44,1
DA:50,8
DA:51,0
DA:54,8
DA:55,0
DA:59,8
DA:61,8
DA:62,3
DA:63,5
DA:64,3
DA:66,2
DA:70,8
DA:71,3
DA:75,8
DA:76,3
DA:79,8
LF:16
LH:14
BRDA:50,0,0,0
BRDA:50,0,1,8
BRDA:54,1,0,0
BRDA:54,1,1,8
BRDA:54,2,0,8
BRDA:54,2,1,8
BRDA:61,3,0,3
BRDA:61,3,1,5
BRDA:63,4,0,3
BRDA:63,4,1,2
BRDA:70,5,0,3
BRDA:70,5,1,5
BRDA:75,6,0,3
BRDA:75,6,1,5
BRF:14
BRH:12
end_of_record
TN:
SF:src\utils\userValidator.ts
FN:3,(anonymous_0)
FNF:1
FNH:1
FNDA:7,(anonymous_0)
DA:3,1
DA:9,7
DA:10,7
DA:11,1
DA:15,6
DA:16,2
DA:19,4
DA:20,1
DA:24,3
DA:25,1
DA:28,2
LF:11
LH:11
BRDA:10,0,0,1
BRDA:10,0,1,6
BRDA:15,1,0,2
BRDA:15,1,1,4
BRDA:15,2,0,6
BRDA:15,2,1,6
BRDA:15,2,2,5
BRDA:19,3,0,1
BRDA:19,3,1,3
BRDA:19,4,0,4
BRDA:19,4,1,2
BRDA:24,5,0,1
BRDA:24,5,1,2
BRDA:24,6,0,3
BRDA:24,6,1,2
BRF:15
BRH:15
end_of_record
